0 info it worked if it ends with ok
1 verbose cli [ '/Users/amymccarthy/.nvm/versions/node/v4.2.3/bin/node',
1 verbose cli   '/Users/amymccarthy/.nvm/versions/node/v4.2.3/bin/npm',
1 verbose cli   'start' ]
2 info using npm@2.14.7
3 info using node@v4.2.3
4 verbose run-script [ 'prestart', 'start', 'poststart' ]
5 info prestart getyourguide@1.0.0
6 info start getyourguide@1.0.0
7 verbose unsafe-perm in lifecycle true
8 info getyourguide@1.0.0 Failed to exec start script
9 verbose stack Error: getyourguide@1.0.0 start: `./node_modules/http-server/bin/http-server & gulp`
9 verbose stack Exit status 1
9 verbose stack     at EventEmitter.<anonymous> (/Users/amymccarthy/.nvm/versions/node/v4.2.3/lib/node_modules/npm/lib/utils/lifecycle.js:214:16)
9 verbose stack     at emitTwo (events.js:87:13)
9 verbose stack     at EventEmitter.emit (events.js:172:7)
9 verbose stack     at ChildProcess.<anonymous> (/Users/amymccarthy/.nvm/versions/node/v4.2.3/lib/node_modules/npm/lib/utils/spawn.js:24:14)
9 verbose stack     at emitTwo (events.js:87:13)
9 verbose stack     at ChildProcess.emit (events.js:172:7)
9 verbose stack     at maybeClose (internal/child_process.js:818:16)
9 verbose stack     at Process.ChildProcess._handle.onexit (internal/child_process.js:211:5)
10 verbose pkgid getyourguide@1.0.0
11 verbose cwd /Users/amymccarthy/projects/personal_shit/getyourguide
12 error Darwin 14.4.0
13 error argv "/Users/amymccarthy/.nvm/versions/node/v4.2.3/bin/node" "/Users/amymccarthy/.nvm/versions/node/v4.2.3/bin/npm" "start"
14 error node v4.2.3
15 error npm  v2.14.7
16 error code ELIFECYCLE
17 error getyourguide@1.0.0 start: `./node_modules/http-server/bin/http-server & gulp`
17 error Exit status 1
18 error Failed at the getyourguide@1.0.0 start script './node_modules/http-server/bin/http-server & gulp'.
18 error This is most likely a problem with the getyourguide package,
18 error not with npm itself.
18 error Tell the author that this fails on your system:
18 error     ./node_modules/http-server/bin/http-server & gulp
18 error You can get their info via:
18 error     npm owner ls getyourguide
18 error There is likely additional logging output above.
19 verbose exit [ 1, true ]
